app/build/intermediates/manifest_merge_blame_file/release/manifest-merger-blame-release-report.txt
1<?xml version="1.0" encoding="utf-8"?>
2<manifest xmlns:android="http://schemas.android.com/apk/res/android"
3    package="com.alqdees.bookapp"
4    android:versionCode="1"
5    android:versionName="1.0" >
6
7    <uses-sdk
8        android:minSdkVersion="21"
8-->src\main\AndroidManifest.xml
9        android:targetSdkVersion="32" />
9-->src\main\AndroidManifest.xml
10
11    <uses-permission android:name="android.permission.INTERNET" />
11-->src\main\AndroidManifest.xml:6:5-67
11-->src\main\AndroidManifest.xml:6:22-64
12    <uses-permission android:name="android.permission.WRITE_EXTERNAL_STORAGE" />
12-->src\main\AndroidManifest.xml:7:5-9:40
12-->src\main\AndroidManifest.xml:8:9-65
13    <uses-permission android:name="android.permission.READ_EXTERNAL_STORAGE" />
13-->src\main\AndroidManifest.xml:10:5-80
13-->src\main\AndroidManifest.xml:10:22-77
14    <uses-permission android:name="android.permission.ACCESS_NETWORK_STATE" />
14-->[com.google.firebase:firebase-auth:21.0.8] AndroidManifest.xml:24:5-79
14-->[com.google.firebase:firebase-auth:21.0.8] AndroidManifest.xml:24:22-76
15    <uses-permission android:name="android.permission.WAKE_LOCK" />
15-->[com.google.android.gms:play-services-measurement-api:21.1.1] AndroidManifest.xml:24:5-68
15-->[com.google.android.gms:play-services-measurement-api:21.1.1] AndroidManifest.xml:24:22-65
16    <uses-permission android:name="com.google.android.gms.permission.AD_ID" />
16-->[com.google.android.gms:play-services-measurement-api:21.1.1] AndroidManifest.xml:25:5-79
16-->[com.google.android.gms:play-services-measurement-api:21.1.1] AndroidManifest.xml:25:22-76
17    <uses-permission android:name="com.google.android.finsky.permission.BIND_GET_INSTALL_REFERRER_SERVICE" />
17-->[com.google.android.gms:play-services-measurement:21.1.1] AndroidManifest.xml:26:5-110
17-->[com.google.android.gms:play-services-measurement:21.1.1] AndroidManifest.xml:26:22-107
18
19    <application
19-->src\main\AndroidManifest.xml:12:5-72:19
20        android:name="com.alqdees.bookapp.Constants.MyApplication"
20-->src\main\AndroidManifest.xml:13:9-48
21        android:allowBackup="true"
21-->src\main\AndroidManifest.xml:14:9-35
22        android:appComponentFactory="androidx.core.app.CoreComponentFactory"
22-->[androidx.core:core:1.8.0] AndroidManifest.xml:24:18-86
23        android:hardwareAccelerated="true"
23-->src\main\AndroidManifest.xml:15:9-43
24        android:icon="@mipmap/ic_launcher"
24-->src\main\AndroidManifest.xml:16:9-43
25        android:label="@string/app_name"
25-->src\main\AndroidManifest.xml:17:9-41
26        android:requestLegacyExternalStorage="true"
26-->src\main\AndroidManifest.xml:18:9-52
27        android:roundIcon="@mipmap/ic_launcher_round"
27-->src\main\AndroidManifest.xml:19:9-54
28        android:supportsRtl="true"
28-->src\main\AndroidManifest.xml:20:9-35
29        android:theme="@style/Theme.MaterialComponents.Light.NoActionBar"
29-->src\main\AndroidManifest.xml:21:9-74
30        android:usesCleartextTraffic="true" >
30-->src\main\AndroidManifest.xml:22:9-44
31        <activity
31-->src\main\AndroidManifest.xml:24:9-26:40
32            android:name="com.alqdees.bookapp.Activitys.DownloadActivity"
32-->src\main\AndroidManifest.xml:25:13-55
33            android:exported="false" />
33-->src\main\AndroidManifest.xml:26:13-37
34        <activity
34-->src\main\AndroidManifest.xml:27:9-29:40
35            android:name="com.alqdees.bookapp.Activitys.ProfileActivity"
35-->src\main\AndroidManifest.xml:28:13-54
36            android:exported="false" />
36-->src\main\AndroidManifest.xml:29:13-37
37        <activity
37-->src\main\AndroidManifest.xml:30:9-32:40
38            android:name="com.alqdees.bookapp.Activitys.PdfViewActivity"
38-->src\main\AndroidManifest.xml:31:13-54
39            android:exported="false" />
39-->src\main\AndroidManifest.xml:32:13-37
40        <activity
40-->src\main\AndroidManifest.xml:33:9-35:40
41            android:name="com.alqdees.bookapp.Activitys.PdfDetailActivity"
41-->src\main\AndroidManifest.xml:34:13-56
42            android:exported="false" />
42-->src\main\AndroidManifest.xml:35:13-37
43        <activity
43-->src\main\AndroidManifest.xml:36:9-38:40
44            android:name="com.alqdees.bookapp.Activitys.PdfEditActivity"
44-->src\main\AndroidManifest.xml:37:13-54
45            android:exported="false" />
45-->src\main\AndroidManifest.xml:38:13-37
46        <activity
46-->src\main\AndroidManifest.xml:39:9-41:40
47            android:name="com.alqdees.bookapp.Activitys.PdfListAdminActivity"
47-->src\main\AndroidManifest.xml:40:13-59
48            android:exported="false" />
48-->src\main\AndroidManifest.xml:41:13-37
49        <activity
49-->src\main\AndroidManifest.xml:42:9-44:40
50            android:name="com.alqdees.bookapp.Activitys.PdfAddActivity"
50-->src\main\AndroidManifest.xml:43:13-53
51            android:exported="false" />
51-->src\main\AndroidManifest.xml:44:13-37
52        <activity
52-->src\main\AndroidManifest.xml:45:9-47:40
53            android:name="com.alqdees.bookapp.Activitys.CategoryAddActivity"
53-->src\main\AndroidManifest.xml:46:13-58
54            android:exported="false" />
54-->src\main\AndroidManifest.xml:47:13-37
55        <activity
55-->src\main\AndroidManifest.xml:48:9-50:40
56            android:name="com.alqdees.bookapp.Activitys.DashboardAdminActivity"
56-->src\main\AndroidManifest.xml:49:13-61
57            android:exported="false" />
57-->src\main\AndroidManifest.xml:50:13-37
58        <activity
58-->src\main\AndroidManifest.xml:51:9-53:40
59            android:name="com.alqdees.bookapp.Activitys.DashboardActivity"
59-->src\main\AndroidManifest.xml:52:13-56
60            android:exported="false" />
60-->src\main\AndroidManifest.xml:53:13-37
61        <activity
61-->src\main\AndroidManifest.xml:54:9-56:40
62            android:name="com.alqdees.bookapp.Activitys.LoginActivity"
62-->src\main\AndroidManifest.xml:55:13-52
63            android:exported="false" />
63-->src\main\AndroidManifest.xml:56:13-37
64        <activity
64-->src\main\AndroidManifest.xml:57:9-59:40
65            android:name="com.alqdees.bookapp.Activitys.RegisterActivity"
65-->src\main\AndroidManifest.xml:58:13-55
66            android:exported="false" />
66-->src\main\AndroidManifest.xml:59:13-37
67        <activity
67-->src\main\AndroidManifest.xml:60:9-62:40
68            android:name="com.alqdees.bookapp.Activitys.MainActivity"
68-->src\main\AndroidManifest.xml:61:13-51
69            android:exported="false" />
69-->src\main\AndroidManifest.xml:62:13-37
70        <activity
70-->src\main\AndroidManifest.xml:63:9-71:20
71            android:name="com.alqdees.bookapp.Activitys.SplashActivity"
71-->src\main\AndroidManifest.xml:64:13-53
72            android:exported="true" >
72-->src\main\AndroidManifest.xml:65:13-36
73            <intent-filter>
73-->src\main\AndroidManifest.xml:66:13-70:29
74                <action android:name="android.intent.action.MAIN" />
74-->src\main\AndroidManifest.xml:67:17-69
74-->src\main\AndroidManifest.xml:67:25-66
75
76                <category android:name="android.intent.category.LAUNCHER" />
76-->src\main\AndroidManifest.xml:69:17-77
76-->src\main\AndroidManifest.xml:69:27-74
77            </intent-filter>
78        </activity>
79        <activity
79-->[com.google.firebase:firebase-auth:21.0.8] AndroidManifest.xml:27:9-44:20
80            android:name="com.google.firebase.auth.internal.GenericIdpActivity"
80-->[com.google.firebase:firebase-auth:21.0.8] AndroidManifest.xml:28:13-80
81            android:excludeFromRecents="true"
81-->[com.google.firebase:firebase-auth:21.0.8] AndroidManifest.xml:29:13-46
82            android:exported="true"
82-->[com.google.firebase:firebase-auth:21.0.8] AndroidManifest.xml:30:13-36
83            android:launchMode="singleTask"
83-->[com.google.firebase:firebase-auth:21.0.8] AndroidManifest.xml:31:13-44
84            android:theme="@android:style/Theme.Translucent.NoTitleBar" >
84-->[com.google.firebase:firebase-auth:21.0.8] AndroidManifest.xml:32:13-72
85            <intent-filter>
85-->[com.google.firebase:firebase-auth:21.0.8] AndroidManifest.xml:33:13-43:29
86                <action android:name="android.intent.action.VIEW" />
86-->[com.google.firebase:firebase-auth:21.0.8] AndroidManifest.xml:34:17-69
86-->[com.google.firebase:firebase-auth:21.0.8] AndroidManifest.xml:34:25-66
87
88                <category android:name="android.intent.category.DEFAULT" />
88-->[com.google.firebase:firebase-auth:21.0.8] AndroidManifest.xml:36:17-76
88-->[com.google.firebase:firebase-auth:21.0.8] AndroidManifest.xml:36:27-73
89                <category android:name="android.intent.category.BROWSABLE" />
89-->[com.google.firebase:firebase-auth:21.0.8] AndroidManifest.xml:37:17-78
89-->[com.google.firebase:firebase-auth:21.0.8] AndroidManifest.xml:37:27-75
90
91                <data
91-->[com.google.firebase:firebase-auth:21.0.8] AndroidManifest.xml:39:17-42:51
92                    android:host="firebase.auth"
92-->[com.google.firebase:firebase-auth:21.0.8] AndroidManifest.xml:40:21-49
93                    android:path="/"
93-->[com.google.firebase:firebase-auth:21.0.8] AndroidManifest.xml:41:21-37
94                    android:scheme="genericidp" />
94-->[com.google.firebase:firebase-auth:21.0.8] AndroidManifest.xml:42:21-48
95            </intent-filter>
96        </activity>
97        <activity
97-->[com.google.firebase:firebase-auth:21.0.8] AndroidManifest.xml:45:9-62:20
98            android:name="com.google.firebase.auth.internal.RecaptchaActivity"
98-->[com.google.firebase:firebase-auth:21.0.8] AndroidManifest.xml:46:13-79
99            android:excludeFromRecents="true"
99-->[com.google.firebase:firebase-auth:21.0.8] AndroidManifest.xml:47:13-46
100            android:exported="true"
100-->[com.google.firebase:firebase-auth:21.0.8] AndroidManifest.xml:48:13-36
101            android:launchMode="singleTask"
101-->[com.google.firebase:firebase-auth:21.0.8] AndroidManifest.xml:49:13-44
102            android:theme="@android:style/Theme.Translucent.NoTitleBar" >
102-->[com.google.firebase:firebase-auth:21.0.8] AndroidManifest.xml:50:13-72
103            <intent-filter>
103-->[com.google.firebase:firebase-auth:21.0.8] AndroidManifest.xml:51:13-61:29
104                <action android:name="android.intent.action.VIEW" />
104-->[com.google.firebase:firebase-auth:21.0.8] AndroidManifest.xml:34:17-69
104-->[com.google.firebase:firebase-auth:21.0.8] AndroidManifest.xml:34:25-66
105
106                <category android:name="android.intent.category.DEFAULT" />
106-->[com.google.firebase:firebase-auth:21.0.8] AndroidManifest.xml:36:17-76
106-->[com.google.firebase:firebase-auth:21.0.8] AndroidManifest.xml:36:27-73
107                <category android:name="android.intent.category.BROWSABLE" />
107-->[com.google.firebase:firebase-auth:21.0.8] AndroidManifest.xml:37:17-78
107-->[com.google.firebase:firebase-auth:21.0.8] AndroidManifest.xml:37:27-75
108
109                <data
109-->[com.google.firebase:firebase-auth:21.0.8] AndroidManifest.xml:39:17-42:51
110                    android:host="firebase.auth"
110-->[com.google.firebase:firebase-auth:21.0.8] AndroidManifest.xml:40:21-49
111                    android:path="/"
111-->[com.google.firebase:firebase-auth:21.0.8] AndroidManifest.xml:41:21-37
112                    android:scheme="recaptcha" />
112-->[com.google.firebase:firebase-auth:21.0.8] AndroidManifest.xml:42:21-48
113            </intent-filter>
114        </activity>
115
116        <service
116-->[com.google.firebase:firebase-auth:21.0.8] AndroidManifest.xml:64:9-70:19
117            android:name="com.google.firebase.components.ComponentDiscoveryService"
117-->[com.google.firebase:firebase-auth:21.0.8] AndroidManifest.xml:65:13-84
118            android:directBootAware="true"
118-->[com.google.firebase:firebase-common:20.1.2] AndroidManifest.xml:35:13-43
119            android:exported="false" >
119-->[com.google.firebase:firebase-auth:21.0.8] AndroidManifest.xml:66:13-37
120            <meta-data
120-->[com.google.firebase:firebase-auth:21.0.8] AndroidManifest.xml:67:13-69:85
121                android:name="com.google.firebase.components:com.google.firebase.auth.FirebaseAuthRegistrar"
121-->[com.google.firebase:firebase-auth:21.0.8] AndroidManifest.xml:68:17-109
122                android:value="com.google.firebase.components.ComponentRegistrar" />
122-->[com.google.firebase:firebase-auth:21.0.8] AndroidManifest.xml:69:17-82
123            <meta-data
123-->[com.google.firebase:firebase-database:20.0.6] AndroidManifest.xml:32:13-34:85
124                android:name="com.google.firebase.components:com.google.firebase.database.DatabaseRegistrar"
124-->[com.google.firebase:firebase-database:20.0.6] AndroidManifest.xml:33:17-109
125                android:value="com.google.firebase.components.ComponentRegistrar" />
125-->[com.google.firebase:firebase-database:20.0.6] AndroidManifest.xml:34:17-82
126            <meta-data
126-->[com.google.firebase:firebase-storage:20.0.2] AndroidManifest.xml:33:13-35:85
127                android:name="com.google.firebase.components:com.google.firebase.storage.StorageRegistrar"
127-->[com.google.firebase:firebase-storage:20.0.2] AndroidManifest.xml:34:17-107
128                android:value="com.google.firebase.components.ComponentRegistrar" />
128-->[com.google.firebase:firebase-storage:20.0.2] AndroidManifest.xml:35:17-82
129            <meta-data
129-->[com.google.android.gms:play-services-measurement-api:21.1.1] AndroidManifest.xml:31:13-33:85
130                android:name="com.google.firebase.components:com.google.firebase.analytics.connector.internal.AnalyticsConnectorRegistrar"
130-->[com.google.android.gms:play-services-measurement-api:21.1.1] AndroidManifest.xml:32:17-139
131                android:value="com.google.firebase.components.ComponentRegistrar" />
131-->[com.google.android.gms:play-services-measurement-api:21.1.1] AndroidManifest.xml:33:17-82
132            <meta-data
132-->[com.google.firebase:firebase-installations:17.0.2] AndroidManifest.xml:18:13-20:85
133                android:name="com.google.firebase.components:com.google.firebase.installations.FirebaseInstallationsRegistrar"
133-->[com.google.firebase:firebase-installations:17.0.2] AndroidManifest.xml:19:17-127
134                android:value="com.google.firebase.components.ComponentRegistrar" />
134-->[com.google.firebase:firebase-installations:17.0.2] AndroidManifest.xml:20:17-82
135        </service>
136
137        <provider
137-->[com.google.firebase:firebase-common:20.1.2] AndroidManifest.xml:26:9-31:39
138            android:name="com.google.firebase.provider.FirebaseInitProvider"
138-->[com.google.firebase:firebase-common:20.1.2] AndroidManifest.xml:27:13-77
139            android:authorities="com.alqdees.bookapp.firebaseinitprovider"
139-->[com.google.firebase:firebase-common:20.1.2] AndroidManifest.xml:28:13-72
140            android:directBootAware="true"
140-->[com.google.firebase:firebase-common:20.1.2] AndroidManifest.xml:29:13-43
141            android:exported="false"
141-->[com.google.firebase:firebase-common:20.1.2] AndroidManifest.xml:30:13-37
142            android:initOrder="100" />
142-->[com.google.firebase:firebase-common:20.1.2] AndroidManifest.xml:31:13-36
143
144        <receiver
144-->[com.google.android.gms:play-services-measurement:21.1.1] AndroidManifest.xml:29:9-33:20
145            android:name="com.google.android.gms.measurement.AppMeasurementReceiver"
145-->[com.google.android.gms:play-services-measurement:21.1.1] AndroidManifest.xml:30:13-85
146            android:enabled="true"
146-->[com.google.android.gms:play-services-measurement:21.1.1] AndroidManifest.xml:31:13-35
147            android:exported="false" >
147-->[com.google.android.gms:play-services-measurement:21.1.1] AndroidManifest.xml:32:13-37
148        </receiver>
149
150        <service
150-->[com.google.android.gms:play-services-measurement:21.1.1] AndroidManifest.xml:35:9-38:40
151            android:name="com.google.android.gms.measurement.AppMeasurementService"
151-->[com.google.android.gms:play-services-measurement:21.1.1] AndroidManifest.xml:36:13-84
152            android:enabled="true"
152-->[com.google.android.gms:play-services-measurement:21.1.1] AndroidManifest.xml:37:13-35
153            android:exported="false" />
153-->[com.google.android.gms:play-services-measurement:21.1.1] AndroidManifest.xml:38:13-37
154        <service
154-->[com.google.android.gms:play-services-measurement:21.1.1] AndroidManifest.xml:39:9-43:72
155            android:name="com.google.android.gms.measurement.AppMeasurementJobService"
155-->[com.google.android.gms:play-services-measurement:21.1.1] AndroidManifest.xml:40:13-87
156            android:enabled="true"
156-->[com.google.android.gms:play-services-measurement:21.1.1] AndroidManifest.xml:41:13-35
157            android:exported="false"
157-->[com.google.android.gms:play-services-measurement:21.1.1] AndroidManifest.xml:42:13-37
158            android:permission="android.permission.BIND_JOB_SERVICE" />
158-->[com.google.android.gms:play-services-measurement:21.1.1] AndroidManifest.xml:43:13-69
159
160        <activity
160-->[com.google.android.gms:play-services-base:18.0.1] AndroidManifest.xml:20:9-22:45
161            android:name="com.google.android.gms.common.api.GoogleApiActivity"
161-->[com.google.android.gms:play-services-base:18.0.1] AndroidManifest.xml:20:19-85
162            android:exported="false"
162-->[com.google.android.gms:play-services-base:18.0.1] AndroidManifest.xml:22:19-43
163            android:theme="@android:style/Theme.Translucent.NoTitleBar" />
163-->[com.google.android.gms:play-services-base:18.0.1] AndroidManifest.xml:21:19-78
164
165        <meta-data
165-->[com.google.android.gms:play-services-basement:18.1.0] AndroidManifest.xml:21:9-23:69
166            android:name="com.google.android.gms.version"
166-->[com.google.android.gms:play-services-basement:18.1.0] AndroidManifest.xml:22:13-58
167            android:value="@integer/google_play_services_version" />
167-->[com.google.android.gms:play-services-basement:18.1.0] AndroidManifest.xml:23:13-66
168
169        <provider
169-->[androidx.emoji2:emoji2:1.2.0] AndroidManifest.xml:24:9-32:20
170            android:name="androidx.startup.InitializationProvider"
170-->[androidx.emoji2:emoji2:1.2.0] AndroidManifest.xml:25:13-67
171            android:authorities="com.alqdees.bookapp.androidx-startup"
171-->[androidx.emoji2:emoji2:1.2.0] AndroidManifest.xml:26:13-68
172            android:exported="false" >
172-->[androidx.emoji2:emoji2:1.2.0] AndroidManifest.xml:27:13-37
173            <meta-data
173-->[androidx.emoji2:emoji2:1.2.0] AndroidManifest.xml:29:13-31:52
174                android:name="androidx.emoji2.text.EmojiCompatInitializer"
174-->[androidx.emoji2:emoji2:1.2.0] AndroidManifest.xml:30:17-75
175                android:value="androidx.startup" />
175-->[androidx.emoji2:emoji2:1.2.0] AndroidManifest.xml:31:17-49
176            <meta-data
176-->[androidx.lifecycle:lifecycle-process:2.4.1] AndroidManifest.xml:31:13-33:52
177                android:name="androidx.lifecycle.ProcessLifecycleInitializer"
177-->[androidx.lifecycle:lifecycle-process:2.4.1] AndroidManifest.xml:32:17-78
178                android:value="androidx.startup" />
178-->[androidx.lifecycle:lifecycle-process:2.4.1] AndroidManifest.xml:33:17-49
179        </provider>
180    </application>
181
182</manifest>